::1 - - [29/Jan/2026 19:12:20] "GET / HTTP/1.1" 200 -
::1 - - [29/Jan/2026 19:12:20] "GET /finchdeck/styles.css HTTP/1.1" 200 -
::1 - - [29/Jan/2026 19:12:20] "GET /finchdeck/js/main.js HTTP/1.1" 200 -
::1 - - [29/Jan/2026 19:12:20] "GET /finchdeck/js/core/dom.js HTTP/1.1" 200 -
::1 - - [29/Jan/2026 19:12:20] "GET /finchdeck/js/data/analysisData.js HTTP/1.1" 200 -
::1 - - [29/Jan/2026 19:12:20] "GET /finchdeck/js/components/Header.js HTTP/1.1" 200 -
::1 - - [29/Jan/2026 19:12:20] "GET /finchdeck/js/components/SectionWrapper.js HTTP/1.1" 200 -
::1 - - [29/Jan/2026 19:12:20] "GET /finchdeck/js/sections/Problem.js HTTP/1.1" 200 -
::1 - - [29/Jan/2026 19:12:20] "GET /finchdeck/js/sections/Hero.js HTTP/1.1" 200 -
::1 - - [29/Jan/2026 19:12:20] "GET /finchdeck/js/sections/WhyNow.js HTTP/1.1" 200 -
::1 - - [29/Jan/2026 19:12:20] "GET /finchdeck/js/sections/Trust.js HTTP/1.1" 200 -
::1 - - [29/Jan/2026 19:12:20] "GET /finchdeck/js/sections/SolutionIntro.js HTTP/1.1" 200 -
::1 - - [29/Jan/2026 19:12:20] "GET /finchdeck/js/sections/Solution.js HTTP/1.1" 200 -
::1 - - [29/Jan/2026 19:12:20] "GET /finchdeck/js/sections/DecisionGuide.js HTTP/1.1" 200 -
::1 - - [29/Jan/2026 19:12:20] "GET /finchdeck/js/sections/MarketOpportunity.js HTTP/1.1" 200 -
::1 - - [29/Jan/2026 19:12:20] "GET /finchdeck/js/sections/GTMStrategy.js HTTP/1.1" 200 -
::1 - - [29/Jan/2026 19:12:20] "GET /finchdeck/js/sections/CurrentStatus.js HTTP/1.1" 200 -
::1 - - [29/Jan/2026 19:12:20] "GET /finchdeck/js/sections/Competition.js HTTP/1.1" 200 -
::1 - - [29/Jan/2026 19:12:20] "GET /finchdeck/js/sections/BusinessModel.js HTTP/1.1" 200 -
::1 - - [29/Jan/2026 19:12:20] "GET /finchdeck/js/sections/Team.js HTTP/1.1" 200 -
::1 - - [29/Jan/2026 19:12:20] "GET /finchdeck/js/sections/PreSeed.js HTTP/1.1" 200 -
::1 - - [29/Jan/2026 19:12:20] "GET /finchdeck/js/sections/Contact.js HTTP/1.1" 200 -
::1 - - [29/Jan/2026 19:12:20] "GET /finchdeck/photo_2026-01-28_10-15-44.jpg HTTP/1.1" 200 -
::1 - - [29/Jan/2026 19:12:20] "GET /finchdeck/photo_2025-02-11_06-57-10.jpg HTTP/1.1" 200 -
::1 - - [29/Jan/2026 19:12:20] "GET /finchdeck/photo_2023-12-25_06-11-46.jpg HTTP/1.1" 200 -
::1 - - [29/Jan/2026 19:12:20] code 404, message File not found
::1 - - [29/Jan/2026 19:12:20] "GET /favicon.ico HTTP/1.1" 404 -
::1 - - [29/Jan/2026 19:12:50] "GET / HTTP/1.1" 200 -
::1 - - [29/Jan/2026 19:12:50] "GET /finchdeck/styles.css HTTP/1.1" 200 -
::1 - - [29/Jan/2026 19:12:50] "GET /finchdeck/js/main.js HTTP/1.1" 200 -
::1 - - [29/Jan/2026 19:12:50] "GET /finchdeck/js/data/analysisData.js HTTP/1.1" 200 -
::1 - - [29/Jan/2026 19:12:50] "GET /finchdeck/js/core/dom.js HTTP/1.1" 200 -
::1 - - [29/Jan/2026 19:12:50] "GET /finchdeck/js/components/SectionWrapper.js HTTP/1.1" 200 -
::1 - - [29/Jan/2026 19:12:50] "GET /finchdeck/js/components/Header.js HTTP/1.1" 200 -
::1 - - [29/Jan/2026 19:12:50] "GET /finchdeck/js/sections/Problem.js HTTP/1.1" 200 -
::1 - - [29/Jan/2026 19:12:50] "GET /finchdeck/js/sections/Hero.js HTTP/1.1" 200 -
::1 - - [29/Jan/2026 19:12:50] "GET /finchdeck/js/sections/Trust.js HTTP/1.1" 200 -
::1 - - [29/Jan/2026 19:12:50] "GET /finchdeck/js/sections/MarketOpportunity.js HTTP/1.1" 200 -
::1 - - [29/Jan/2026 19:12:50] "GET /finchdeck/js/sections/WhyNow.js HTTP/1.1" 200 -
::1 - - [29/Jan/2026 19:12:50] "GET /finchdeck/js/sections/SolutionIntro.js HTTP/1.1" 200 -
::1 - - [29/Jan/2026 19:12:50] "GET /finchdeck/js/sections/Solution.js HTTP/1.1" 200 -
::1 - - [29/Jan/2026 19:12:50] "GET /finchdeck/js/sections/GTMStrategy.js HTTP/1.1" 200 -
::1 - - [29/Jan/2026 19:12:50] "GET /finchdeck/js/sections/BusinessModel.js HTTP/1.1" 200 -
::1 - - [29/Jan/2026 19:12:50] "GET /finchdeck/js/sections/DecisionGuide.js HTTP/1.1" 200 -
::1 - - [29/Jan/2026 19:12:50] "GET /finchdeck/js/sections/Team.js HTTP/1.1" 200 -
::1 - - [29/Jan/2026 19:12:50] "GET /finchdeck/js/sections/Competition.js HTTP/1.1" 200 -
::1 - - [29/Jan/2026 19:12:50] "GET /finchdeck/js/sections/CurrentStatus.js HTTP/1.1" 200 -
::1 - - [29/Jan/2026 19:12:50] "GET /finchdeck/js/sections/Contact.js HTTP/1.1" 200 -
::1 - - [29/Jan/2026 19:12:50] "GET /finchdeck/js/sections/PreSeed.js HTTP/1.1" 200 -
::1 - - [29/Jan/2026 19:12:50] "GET /finchdeck/photo_2025-02-11_06-57-10.jpg HTTP/1.1" 200 -
::1 - - [29/Jan/2026 19:12:50] "GET /finchdeck/photo_2023-12-25_06-11-46.jpg HTTP/1.1" 200 -
::1 - - [29/Jan/2026 19:12:50] "GET /finchdeck/photo_2026-01-28_10-15-44.jpg HTTP/1.1" 200 -
::1 - - [29/Jan/2026 19:12:50] code 404, message File not found
::1 - - [29/Jan/2026 19:12:50] "GET /favicon.ico HTTP/1.1" 404 -
::1 - - [29/Jan/2026 19:13:01] "GET / HTTP/1.1" 200 -
::1 - - [29/Jan/2026 19:13:01] "GET /finchdeck/js/main.js HTTP/1.1" 200 -
::1 - - [29/Jan/2026 19:13:01] "GET /finchdeck/styles.css HTTP/1.1" 200 -
::1 - - [29/Jan/2026 19:13:01] "GET /finchdeck/js/core/dom.js HTTP/1.1" 200 -
::1 - - [29/Jan/2026 19:13:01] "GET /finchdeck/js/data/analysisData.js HTTP/1.1" 200 -
::1 - - [29/Jan/2026 19:13:01] "GET /finchdeck/js/components/Header.js HTTP/1.1" 200 -
::1 - - [29/Jan/2026 19:13:01] "GET /finchdeck/js/components/SectionWrapper.js HTTP/1.1" 200 -
::1 - - [29/Jan/2026 19:13:01] "GET /finchdeck/js/sections/Hero.js HTTP/1.1" 200 -
::1 - - [29/Jan/2026 19:13:01] "GET /finchdeck/js/sections/WhyNow.js HTTP/1.1" 200 -
::1 - - [29/Jan/2026 19:13:01] "GET /finchdeck/js/sections/Problem.js HTTP/1.1" 200 -
::1 - - [29/Jan/2026 19:13:01] "GET /finchdeck/js/sections/SolutionIntro.js HTTP/1.1" 200 -
::1 - - [29/Jan/2026 19:13:01] "GET /finchdeck/js/sections/Solution.js HTTP/1.1" 200 -
::1 - - [29/Jan/2026 19:13:01] "GET /finchdeck/js/sections/Trust.js HTTP/1.1" 200 -
::1 - - [29/Jan/2026 19:13:01] "GET /finchdeck/js/sections/DecisionGuide.js HTTP/1.1" 200 -
::1 - - [29/Jan/2026 19:13:01] "GET /finchdeck/js/sections/MarketOpportunity.js HTTP/1.1" 200 -
::1 - - [29/Jan/2026 19:13:01] "GET /finchdeck/js/sections/Competition.js HTTP/1.1" 200 -
::1 - - [29/Jan/2026 19:13:01] "GET /finchdeck/js/sections/GTMStrategy.js HTTP/1.1" 200 -
::1 - - [29/Jan/2026 19:13:01] "GET /finchdeck/js/sections/Team.js HTTP/1.1" 200 -
::1 - - [29/Jan/2026 19:13:01] "GET /finchdeck/js/sections/PreSeed.js HTTP/1.1" 200 -
::1 - - [29/Jan/2026 19:13:01] "GET /finchdeck/js/sections/CurrentStatus.js HTTP/1.1" 200 -
::1 - - [29/Jan/2026 19:13:01] "GET /finchdeck/js/sections/Contact.js HTTP/1.1" 200 -
::1 - - [29/Jan/2026 19:13:01] "GET /finchdeck/js/sections/BusinessModel.js HTTP/1.1" 200 -
::1 - - [29/Jan/2026 19:13:01] "GET /finchdeck/photo_2026-01-28_10-15-44.jpg HTTP/1.1" 200 -
::1 - - [29/Jan/2026 19:13:01] "GET /finchdeck/photo_2025-02-11_06-57-10.jpg HTTP/1.1" 200 -
::1 - - [29/Jan/2026 19:13:01] "GET /finchdeck/photo_2023-12-25_06-11-46.jpg HTTP/1.1" 200 -
::1 - - [29/Jan/2026 19:13:01] code 404, message File not found
::1 - - [29/Jan/2026 19:13:01] "GET /favicon.ico HTTP/1.1" 404 -
::1 - - [29/Jan/2026 19:13:05] "GET / HTTP/1.1" 200 -
::1 - - [29/Jan/2026 19:13:05] "GET /finchdeck/styles.css HTTP/1.1" 200 -
::1 - - [29/Jan/2026 19:13:05] "GET /finchdeck/js/main.js HTTP/1.1" 200 -
::1 - - [29/Jan/2026 19:13:05] "GET /finchdeck/js/data/analysisData.js HTTP/1.1" 200 -
::1 - - [29/Jan/2026 19:13:05] "GET /finchdeck/js/core/dom.js HTTP/1.1" 200 -
::1 - - [29/Jan/2026 19:13:05] "GET /finchdeck/js/components/Header.js HTTP/1.1" 200 -
::1 - - [29/Jan/2026 19:13:05] "GET /finchdeck/js/components/SectionWrapper.js HTTP/1.1" 200 -
::1 - - [29/Jan/2026 19:13:05] "GET /finchdeck/js/sections/Problem.js HTTP/1.1" 200 -
::1 - - [29/Jan/2026 19:13:05] "GET /finchdeck/js/sections/SolutionIntro.js HTTP/1.1" 200 -
::1 - - [29/Jan/2026 19:13:05] "GET /finchdeck/js/sections/Trust.js HTTP/1.1" 200 -
::1 - - [29/Jan/2026 19:13:05] "GET /finchdeck/js/sections/Hero.js HTTP/1.1" 200 -
::1 - - [29/Jan/2026 19:13:05] "GET /finchdeck/js/sections/WhyNow.js HTTP/1.1" 200 -
::1 - - [29/Jan/2026 19:13:05] "GET /finchdeck/js/sections/Solution.js HTTP/1.1" 200 -
::1 - - [29/Jan/2026 19:13:05] "GET /finchdeck/js/sections/DecisionGuide.js HTTP/1.1" 200 -
::1 - - [29/Jan/2026 19:13:05] "GET /finchdeck/js/sections/MarketOpportunity.js HTTP/1.1" 200 -
::1 - - [29/Jan/2026 19:13:05] "GET /finchdeck/js/sections/CurrentStatus.js HTTP/1.1" 200 -
::1 - - [29/Jan/2026 19:13:05] "GET /finchdeck/js/sections/PreSeed.js HTTP/1.1" 200 -
::1 - - [29/Jan/2026 19:13:05] "GET /finchdeck/js/sections/Team.js HTTP/1.1" 200 -
::1 - - [29/Jan/2026 19:13:05] "GET /finchdeck/js/sections/GTMStrategy.js HTTP/1.1" 200 -
::1 - - [29/Jan/2026 19:13:05] "GET /finchdeck/js/sections/Contact.js HTTP/1.1" 200 -
::1 - - [29/Jan/2026 19:13:05] "GET /finchdeck/js/sections/BusinessModel.js HTTP/1.1" 200 -
::1 - - [29/Jan/2026 19:13:05] "GET /finchdeck/js/sections/Competition.js HTTP/1.1" 200 -
::1 - - [29/Jan/2026 19:13:05] "GET /finchdeck/photo_2026-01-28_10-15-44.jpg HTTP/1.1" 200 -
::1 - - [29/Jan/2026 19:13:05] "GET /finchdeck/photo_2023-12-25_06-11-46.jpg HTTP/1.1" 200 -
::1 - - [29/Jan/2026 19:13:05] "GET /finchdeck/photo_2025-02-11_06-57-10.jpg HTTP/1.1" 200 -
::1 - - [29/Jan/2026 19:13:05] code 404, message File not found
::1 - - [29/Jan/2026 19:13:05] "GET /favicon.ico HTTP/1.1" 404 -
::1 - - [29/Jan/2026 19:13:09] "GET / HTTP/1.1" 200 -
::1 - - [29/Jan/2026 19:13:09] "GET /finchdeck/js/main.js HTTP/1.1" 200 -
::1 - - [29/Jan/2026 19:13:09] "GET /finchdeck/styles.css HTTP/1.1" 200 -
::1 - - [29/Jan/2026 19:13:09] "GET /finchdeck/js/data/analysisData.js HTTP/1.1" 200 -
::1 - - [29/Jan/2026 19:13:09] "GET /finchdeck/js/core/dom.js HTTP/1.1" 200 -
::1 - - [29/Jan/2026 19:13:09] "GET /finchdeck/js/components/SectionWrapper.js HTTP/1.1" 200 -
::1 - - [29/Jan/2026 19:13:09] "GET /finchdeck/js/sections/WhyNow.js HTTP/1.1" 200 -
::1 - - [29/Jan/2026 19:13:09] "GET /finchdeck/js/sections/Problem.js HTTP/1.1" 200 -
::1 - - [29/Jan/2026 19:13:09] "GET /finchdeck/js/components/Header.js HTTP/1.1" 200 -
::1 - - [29/Jan/2026 19:13:09] "GET /finchdeck/js/sections/Hero.js HTTP/1.1" 200 -
::1 - - [29/Jan/2026 19:13:09] "GET /finchdeck/js/sections/SolutionIntro.js HTTP/1.1" 200 -
::1 - - [29/Jan/2026 19:13:09] "GET /finchdeck/js/sections/Solution.js HTTP/1.1" 200 -
::1 - - [29/Jan/2026 19:13:09] "GET /finchdeck/js/sections/DecisionGuide.js HTTP/1.1" 200 -
::1 - - [29/Jan/2026 19:13:09] "GET /finchdeck/js/sections/Trust.js HTTP/1.1" 200 -
::1 - - [29/Jan/2026 19:13:09] "GET /finchdeck/js/sections/MarketOpportunity.js HTTP/1.1" 200 -
::1 - - [29/Jan/2026 19:13:09] "GET /finchdeck/js/sections/Competition.js HTTP/1.1" 200 -
::1 - - [29/Jan/2026 19:13:09] "GET /finchdeck/js/sections/GTMStrategy.js HTTP/1.1" 200 -
::1 - - [29/Jan/2026 19:13:09] "GET /finchdeck/js/sections/CurrentStatus.js HTTP/1.1" 200 -
::1 - - [29/Jan/2026 19:13:09] "GET /finchdeck/js/sections/BusinessModel.js HTTP/1.1" 200 -
::1 - - [29/Jan/2026 19:13:09] "GET /finchdeck/js/sections/Team.js HTTP/1.1" 200 -
::1 - - [29/Jan/2026 19:13:09] "GET /finchdeck/js/sections/PreSeed.js HTTP/1.1" 200 -
::1 - - [29/Jan/2026 19:13:09] "GET /finchdeck/js/sections/Contact.js HTTP/1.1" 200 -
::1 - - [29/Jan/2026 19:13:09] "GET /finchdeck/photo_2026-01-28_10-15-44.jpg HTTP/1.1" 200 -
::1 - - [29/Jan/2026 19:13:09] "GET /finchdeck/photo_2025-02-11_06-57-10.jpg HTTP/1.1" 200 -
::1 - - [29/Jan/2026 19:13:09] "GET /finchdeck/photo_2023-12-25_06-11-46.jpg HTTP/1.1" 200 -
::1 - - [29/Jan/2026 19:13:09] code 404, message File not found
::1 - - [29/Jan/2026 19:13:09] "GET /favicon.ico HTTP/1.1" 404 -
::1 - - [29/Jan/2026 19:14:34] "GET / HTTP/1.1" 200 -
::1 - - [29/Jan/2026 19:14:34] "GET /finchdeck/styles.css HTTP/1.1" 200 -
::1 - - [29/Jan/2026 19:14:34] "GET /finchdeck/js/main.js HTTP/1.1" 200 -
::1 - - [29/Jan/2026 19:14:34] "GET /finchdeck/js/data/analysisData.js HTTP/1.1" 200 -
::1 - - [29/Jan/2026 19:14:34] "GET /finchdeck/js/core/dom.js HTTP/1.1" 200 -
::1 - - [29/Jan/2026 19:14:34] "GET /finchdeck/js/components/Header.js HTTP/1.1" 200 -
::1 - - [29/Jan/2026 19:14:34] "GET /finchdeck/js/components/SectionWrapper.js HTTP/1.1" 200 -
::1 - - [29/Jan/2026 19:14:34] "GET /finchdeck/js/sections/Hero.js HTTP/1.1" 200 -
::1 - - [29/Jan/2026 19:14:34] "GET /finchdeck/js/sections/Problem.js HTTP/1.1" 200 -
::1 - - [29/Jan/2026 19:14:34] "GET /finchdeck/js/sections/WhyNow.js HTTP/1.1" 200 -
::1 - - [29/Jan/2026 19:14:34] "GET /finchdeck/js/sections/SolutionIntro.js HTTP/1.1" 200 -
::1 - - [29/Jan/2026 19:14:34] "GET /finchdeck/js/sections/Solution.js HTTP/1.1" 200 -
::1 - - [29/Jan/2026 19:14:34] "GET /finchdeck/js/sections/Trust.js HTTP/1.1" 200 -
::1 - - [29/Jan/2026 19:14:34] "GET /finchdeck/js/sections/DecisionGuide.js HTTP/1.1" 200 -
::1 - - [29/Jan/2026 19:14:34] "GET /finchdeck/js/sections/MarketOpportunity.js HTTP/1.1" 200 -
::1 - - [29/Jan/2026 19:14:34] "GET /finchdeck/js/sections/BusinessModel.js HTTP/1.1" 200 -
::1 - - [29/Jan/2026 19:14:34] "GET /finchdeck/js/sections/GTMStrategy.js HTTP/1.1" 200 -
::1 - - [29/Jan/2026 19:14:34] "GET /finchdeck/js/sections/Competition.js HTTP/1.1" 200 -
::1 - - [29/Jan/2026 19:14:34] "GET /finchdeck/js/sections/Team.js HTTP/1.1" 200 -
::1 - - [29/Jan/2026 19:14:34] "GET /finchdeck/js/sections/CurrentStatus.js HTTP/1.1" 200 -
::1 - - [29/Jan/2026 19:14:34] "GET /finchdeck/js/sections/PreSeed.js HTTP/1.1" 200 -
::1 - - [29/Jan/2026 19:14:34] "GET /finchdeck/js/sections/Contact.js HTTP/1.1" 200 -
::1 - - [29/Jan/2026 19:14:34] "GET /finchdeck/photo_2026-01-28_10-15-44.jpg HTTP/1.1" 200 -
::1 - - [29/Jan/2026 19:14:34] "GET /finchdeck/photo_2025-02-11_06-57-10.jpg HTTP/1.1" 200 -
::1 - - [29/Jan/2026 19:14:34] "GET /finchdeck/photo_2023-12-25_06-11-46.jpg HTTP/1.1" 200 -
::1 - - [29/Jan/2026 19:14:34] code 404, message File not found
::1 - - [29/Jan/2026 19:14:34] "GET /favicon.ico HTTP/1.1" 404 -
::1 - - [29/Jan/2026 19:14:44] "GET / HTTP/1.1" 304 -
::1 - - [29/Jan/2026 19:14:44] "GET /finchdeck/js/sections/Problem.js HTTP/1.1" 304 -
::1 - - [29/Jan/2026 19:14:46] "GET / HTTP/1.1" 304 -
::1 - - [29/Jan/2026 19:14:47] "GET / HTTP/1.1" 200 -
::1 - - [29/Jan/2026 19:14:47] "GET /finchdeck/js/main.js HTTP/1.1" 200 -
::1 - - [29/Jan/2026 19:14:47] "GET /finchdeck/styles.css HTTP/1.1" 200 -
::1 - - [29/Jan/2026 19:14:47] "GET /finchdeck/js/data/analysisData.js HTTP/1.1" 200 -
::1 - - [29/Jan/2026 19:14:47] "GET /finchdeck/js/sections/Problem.js HTTP/1.1" 200 -
::1 - - [29/Jan/2026 19:14:47] "GET /finchdeck/js/components/Header.js HTTP/1.1" 200 -
::1 - - [29/Jan/2026 19:14:47] "GET /finchdeck/js/core/dom.js HTTP/1.1" 200 -
::1 - - [29/Jan/2026 19:14:47] "GET /finchdeck/js/components/SectionWrapper.js HTTP/1.1" 200 -
::1 - - [29/Jan/2026 19:14:47] "GET /finchdeck/js/sections/Hero.js HTTP/1.1" 200 -
::1 - - [29/Jan/2026 19:14:47] "GET /finchdeck/js/sections/WhyNow.js HTTP/1.1" 200 -
::1 - - [29/Jan/2026 19:14:47] "GET /finchdeck/js/sections/SolutionIntro.js HTTP/1.1" 200 -
::1 - - [29/Jan/2026 19:14:47] "GET /finchdeck/js/sections/DecisionGuide.js HTTP/1.1" 200 -
::1 - - [29/Jan/2026 19:14:47] "GET /finchdeck/js/sections/Solution.js HTTP/1.1" 200 -
::1 - - [29/Jan/2026 19:14:47] "GET /finchdeck/js/sections/Trust.js HTTP/1.1" 200 -
::1 - - [29/Jan/2026 19:14:47] "GET /finchdeck/js/sections/MarketOpportunity.js HTTP/1.1" 200 -
::1 - - [29/Jan/2026 19:14:47] "GET /finchdeck/js/sections/GTMStrategy.js HTTP/1.1" 200 -
::1 - - [29/Jan/2026 19:14:47] "GET /finchdeck/js/sections/Competition.js HTTP/1.1" 200 -
::1 - - [29/Jan/2026 19:14:47] "GET /finchdeck/js/sections/BusinessModel.js HTTP/1.1" 200 -
::1 - - [29/Jan/2026 19:14:47] "GET /finchdeck/js/sections/Team.js HTTP/1.1" 200 -
::1 - - [29/Jan/2026 19:14:47] "GET /finchdeck/js/sections/Contact.js HTTP/1.1" 200 -
::1 - - [29/Jan/2026 19:14:47] "GET /finchdeck/js/sections/CurrentStatus.js HTTP/1.1" 200 -
::1 - - [29/Jan/2026 19:14:47] "GET /finchdeck/js/sections/PreSeed.js HTTP/1.1" 200 -
::1 - - [29/Jan/2026 19:14:47] "GET /finchdeck/photo_2026-01-28_10-15-44.jpg HTTP/1.1" 200 -
::1 - - [29/Jan/2026 19:14:47] "GET /finchdeck/photo_2025-02-11_06-57-10.jpg HTTP/1.1" 200 -
::1 - - [29/Jan/2026 19:14:47] "GET /finchdeck/photo_2023-12-25_06-11-46.jpg HTTP/1.1" 200 -
::1 - - [29/Jan/2026 19:14:47] code 404, message File not found
::1 - - [29/Jan/2026 19:14:47] "GET /favicon.ico HTTP/1.1" 404 -
::1 - - [29/Jan/2026 19:14:48] "GET / HTTP/1.1" 200 -
::1 - - [29/Jan/2026 19:14:48] "GET /finchdeck/styles.css HTTP/1.1" 200 -
::1 - - [29/Jan/2026 19:14:48] "GET /finchdeck/js/main.js HTTP/1.1" 200 -
::1 - - [29/Jan/2026 19:14:48] "GET /finchdeck/js/data/analysisData.js HTTP/1.1" 200 -
::1 - - [29/Jan/2026 19:14:48] "GET /finchdeck/js/core/dom.js HTTP/1.1" 200 -
::1 - - [29/Jan/2026 19:14:48] "GET /finchdeck/js/components/Header.js HTTP/1.1" 200 -
::1 - - [29/Jan/2026 19:14:48] "GET /finchdeck/js/components/SectionWrapper.js HTTP/1.1" 200 -
::1 - - [29/Jan/2026 19:14:48] "GET /finchdeck/js/sections/Problem.js HTTP/1.1" 200 -
::1 - - [29/Jan/2026 19:14:48] "GET /finchdeck/js/sections/Solution.js HTTP/1.1" 200 -
::1 - - [29/Jan/2026 19:14:48] "GET /finchdeck/js/sections/Hero.js HTTP/1.1" 200 -
::1 - - [29/Jan/2026 19:14:48] "GET /finchdeck/js/sections/Trust.js HTTP/1.1" 200 -
::1 - - [29/Jan/2026 19:14:48] "GET /finchdeck/js/sections/SolutionIntro.js HTTP/1.1" 200 -
::1 - - [29/Jan/2026 19:14:48] "GET /finchdeck/js/sections/CurrentStatus.js HTTP/1.1" 200 -
::1 - - [29/Jan/2026 19:14:48] "GET /finchdeck/js/sections/WhyNow.js HTTP/1.1" 200 -
::1 - - [29/Jan/2026 19:14:48] "GET /finchdeck/js/sections/DecisionGuide.js HTTP/1.1" 200 -
::1 - - [29/Jan/2026 19:14:48] "GET /finchdeck/js/sections/MarketOpportunity.js HTTP/1.1" 200 -
::1 - - [29/Jan/2026 19:14:48] "GET /finchdeck/js/sections/GTMStrategy.js HTTP/1.1" 200 -
::1 - - [29/Jan/2026 19:14:48] "GET /finchdeck/js/sections/PreSeed.js HTTP/1.1" 200 -
::1 - - [29/Jan/2026 19:14:48] "GET /finchdeck/js/sections/Competition.js HTTP/1.1" 200 -
::1 - - [29/Jan/2026 19:14:48] "GET /finchdeck/js/sections/BusinessModel.js HTTP/1.1" 200 -
::1 - - [29/Jan/2026 19:14:48] "GET /finchdeck/js/sections/Contact.js HTTP/1.1" 200 -
::1 - - [29/Jan/2026 19:14:48] "GET /finchdeck/js/sections/Team.js HTTP/1.1" 200 -
::1 - - [29/Jan/2026 19:14:48] "GET /finchdeck/photo_2026-01-28_10-15-44.jpg HTTP/1.1" 200 -
::1 - - [29/Jan/2026 19:14:48] "GET /finchdeck/photo_2025-02-11_06-57-10.jpg HTTP/1.1" 200 -
::1 - - [29/Jan/2026 19:14:48] "GET /finchdeck/photo_2023-12-25_06-11-46.jpg HTTP/1.1" 200 -
::1 - - [29/Jan/2026 19:14:48] code 404, message File not found
::1 - - [29/Jan/2026 19:14:48] "GET /favicon.ico HTTP/1.1" 404 -
::1 - - [29/Jan/2026 19:15:19] "GET / HTTP/1.1" 200 -
::1 - - [29/Jan/2026 19:15:19] "GET /finchdeck/js/main.js HTTP/1.1" 200 -
::1 - - [29/Jan/2026 19:15:19] "GET /finchdeck/styles.css HTTP/1.1" 200 -
::1 - - [29/Jan/2026 19:15:19] "GET /finchdeck/js/data/analysisData.js HTTP/1.1" 200 -
::1 - - [29/Jan/2026 19:15:19] "GET /finchdeck/js/components/Header.js HTTP/1.1" 200 -
::1 - - [29/Jan/2026 19:15:19] "GET /finchdeck/js/sections/Hero.js HTTP/1.1" 200 -
::1 - - [29/Jan/2026 19:15:19] "GET /finchdeck/js/core/dom.js HTTP/1.1" 200 -
::1 - - [29/Jan/2026 19:15:19] "GET /finchdeck/js/components/SectionWrapper.js HTTP/1.1" 200 -
::1 - - [29/Jan/2026 19:15:19] "GET /finchdeck/js/sections/Problem.js HTTP/1.1" 200 -
::1 - - [29/Jan/2026 19:15:19] "GET /finchdeck/js/sections/WhyNow.js HTTP/1.1" 200 -
::1 - - [29/Jan/2026 19:15:19] "GET /finchdeck/js/sections/SolutionIntro.js HTTP/1.1" 200 -
::1 - - [29/Jan/2026 19:15:19] "GET /finchdeck/js/sections/DecisionGuide.js HTTP/1.1" 200 -
::1 - - [29/Jan/2026 19:15:19] "GET /finchdeck/js/sections/Trust.js HTTP/1.1" 200 -
::1 - - [29/Jan/2026 19:15:19] "GET /finchdeck/js/sections/MarketOpportunity.js HTTP/1.1" 200 -
::1 - - [29/Jan/2026 19:15:19] "GET /finchdeck/js/sections/Solution.js HTTP/1.1" 200 -
::1 - - [29/Jan/2026 19:15:19] "GET /finchdeck/js/sections/GTMStrategy.js HTTP/1.1" 200 -
::1 - - [29/Jan/2026 19:15:19] "GET /finchdeck/js/sections/CurrentStatus.js HTTP/1.1" 200 -
::1 - - [29/Jan/2026 19:15:19] "GET /finchdeck/js/sections/Competition.js HTTP/1.1" 200 -
::1 - - [29/Jan/2026 19:15:19] "GET /finchdeck/js/sections/BusinessModel.js HTTP/1.1" 200 -
::1 - - [29/Jan/2026 19:15:19] "GET /finchdeck/js/sections/Team.js HTTP/1.1" 200 -
::1 - - [29/Jan/2026 19:15:19] "GET /finchdeck/js/sections/PreSeed.js HTTP/1.1" 200 -
::1 - - [29/Jan/2026 19:15:19] "GET /finchdeck/js/sections/Contact.js HTTP/1.1" 200 -
::1 - - [29/Jan/2026 19:15:19] "GET /finchdeck/photo_2026-01-28_10-15-44.jpg HTTP/1.1" 200 -
::1 - - [29/Jan/2026 19:15:19] "GET /finchdeck/photo_2025-02-11_06-57-10.jpg HTTP/1.1" 200 -
::1 - - [29/Jan/2026 19:15:19] "GET /finchdeck/photo_2023-12-25_06-11-46.jpg HTTP/1.1" 200 -
::1 - - [29/Jan/2026 19:15:19] code 404, message File not found
::1 - - [29/Jan/2026 19:15:19] "GET /favicon.ico HTTP/1.1" 404 -
::1 - - [29/Jan/2026 19:15:28] "GET / HTTP/1.1" 200 -
::1 - - [29/Jan/2026 19:15:28] "GET /finchdeck/js/main.js HTTP/1.1" 200 -
::1 - - [29/Jan/2026 19:15:28] "GET /finchdeck/styles.css HTTP/1.1" 200 -
::1 - - [29/Jan/2026 19:15:28] "GET /finchdeck/js/data/analysisData.js HTTP/1.1" 200 -
::1 - - [29/Jan/2026 19:15:28] "GET /finchdeck/js/components/Header.js HTTP/1.1" 200 -
::1 - - [29/Jan/2026 19:15:28] "GET /finchdeck/js/core/dom.js HTTP/1.1" 200 -
::1 - - [29/Jan/2026 19:15:28] "GET /finchdeck/js/sections/Problem.js HTTP/1.1" 200 -
::1 - - [29/Jan/2026 19:15:28] "GET /finchdeck/js/components/SectionWrapper.js HTTP/1.1" 200 -
::1 - - [29/Jan/2026 19:15:28] "GET /finchdeck/js/sections/WhyNow.js HTTP/1.1" 200 -
::1 - - [29/Jan/2026 19:15:28] "GET /finchdeck/js/sections/Hero.js HTTP/1.1" 200 -
::1 - - [29/Jan/2026 19:15:28] "GET /finchdeck/js/sections/Trust.js HTTP/1.1" 200 -
::1 - - [29/Jan/2026 19:15:28] "GET /finchdeck/js/sections/DecisionGuide.js HTTP/1.1" 200 -
::1 - - [29/Jan/2026 19:15:28] "GET /finchdeck/js/sections/Solution.js HTTP/1.1" 200 -
::1 - - [29/Jan/2026 19:15:28] "GET /finchdeck/js/sections/SolutionIntro.js HTTP/1.1" 200 -
::1 - - [29/Jan/2026 19:15:28] "GET /finchdeck/js/sections/MarketOpportunity.js HTTP/1.1" 200 -
::1 - - [29/Jan/2026 19:15:28] "GET /finchdeck/js/sections/GTMStrategy.js HTTP/1.1" 200 -
::1 - - [29/Jan/2026 19:15:28] "GET /finchdeck/js/sections/CurrentStatus.js HTTP/1.1" 200 -
::1 - - [29/Jan/2026 19:15:28] "GET /finchdeck/js/sections/Competition.js HTTP/1.1" 200 -
::1 - - [29/Jan/2026 19:15:28] "GET /finchdeck/js/sections/BusinessModel.js HTTP/1.1" 200 -
::1 - - [29/Jan/2026 19:15:28] "GET /finchdeck/js/sections/Team.js HTTP/1.1" 200 -
::1 - - [29/Jan/2026 19:15:28] "GET /finchdeck/js/sections/PreSeed.js HTTP/1.1" 200 -
::1 - - [29/Jan/2026 19:15:28] "GET /finchdeck/js/sections/Contact.js HTTP/1.1" 200 -
::1 - - [29/Jan/2026 19:15:28] "GET /finchdeck/photo_2026-01-28_10-15-44.jpg HTTP/1.1" 200 -
::1 - - [29/Jan/2026 19:15:28] "GET /finchdeck/photo_2025-02-11_06-57-10.jpg HTTP/1.1" 200 -
::1 - - [29/Jan/2026 19:15:28] "GET /finchdeck/photo_2023-12-25_06-11-46.jpg HTTP/1.1" 200 -
::1 - - [29/Jan/2026 19:15:28] code 404, message File not found
::1 - - [29/Jan/2026 19:15:28] "GET /favicon.ico HTTP/1.1" 404 -
::1 - - [29/Jan/2026 19:15:51] "GET / HTTP/1.1" 200 -
::1 - - [29/Jan/2026 19:15:51] "GET /finchdeck/styles.css HTTP/1.1" 200 -
::1 - - [29/Jan/2026 19:15:51] "GET /finchdeck/js/main.js HTTP/1.1" 200 -
::1 - - [29/Jan/2026 19:15:51] "GET /finchdeck/js/components/Header.js HTTP/1.1" 200 -
::1 - - [29/Jan/2026 19:15:51] "GET /finchdeck/js/core/dom.js HTTP/1.1" 200 -
::1 - - [29/Jan/2026 19:15:51] "GET /finchdeck/js/data/analysisData.js HTTP/1.1" 200 -
::1 - - [29/Jan/2026 19:15:51] "GET /finchdeck/js/sections/Hero.js HTTP/1.1" 200 -
::1 - - [29/Jan/2026 19:15:51] "GET /finchdeck/js/components/SectionWrapper.js HTTP/1.1" 200 -
::1 - - [29/Jan/2026 19:15:51] "GET /finchdeck/js/sections/Problem.js HTTP/1.1" 200 -
::1 - - [29/Jan/2026 19:15:51] "GET /finchdeck/js/sections/DecisionGuide.js HTTP/1.1" 200 -
::1 - - [29/Jan/2026 19:15:51] "GET /finchdeck/js/sections/WhyNow.js HTTP/1.1" 200 -
::1 - - [29/Jan/2026 19:15:51] "GET /finchdeck/js/sections/Trust.js HTTP/1.1" 200 -
::1 - - [29/Jan/2026 19:15:51] "GET /finchdeck/js/sections/SolutionIntro.js HTTP/1.1" 200 -
::1 - - [29/Jan/2026 19:15:51] "GET /finchdeck/js/sections/Solution.js HTTP/1.1" 200 -
::1 - - [29/Jan/2026 19:15:51] "GET /finchdeck/js/sections/MarketOpportunity.js HTTP/1.1" 200 -
::1 - - [29/Jan/2026 19:15:51] "GET /finchdeck/js/sections/CurrentStatus.js HTTP/1.1" 200 -
::1 - - [29/Jan/2026 19:15:51] "GET /finchdeck/js/sections/BusinessModel.js HTTP/1.1" 200 -
::1 - - [29/Jan/2026 19:15:51] "GET /finchdeck/js/sections/GTMStrategy.js HTTP/1.1" 200 -
::1 - - [29/Jan/2026 19:15:51] "GET /finchdeck/js/sections/Competition.js HTTP/1.1" 200 -
::1 - - [29/Jan/2026 19:15:51] "GET /finchdeck/js/sections/Team.js HTTP/1.1" 200 -
::1 - - [29/Jan/2026 19:15:51] "GET /finchdeck/js/sections/PreSeed.js HTTP/1.1" 200 -
::1 - - [29/Jan/2026 19:15:51] "GET /finchdeck/js/sections/Contact.js HTTP/1.1" 200 -
::1 - - [29/Jan/2026 19:15:51] "GET /finchdeck/photo_2026-01-28_10-15-44.jpg HTTP/1.1" 200 -
::1 - - [29/Jan/2026 19:15:51] "GET /finchdeck/photo_2025-02-11_06-57-10.jpg HTTP/1.1" 200 -
::1 - - [29/Jan/2026 19:15:51] "GET /finchdeck/photo_2023-12-25_06-11-46.jpg HTTP/1.1" 200 -
::1 - - [29/Jan/2026 19:15:51] code 404, message File not found
::1 - - [29/Jan/2026 19:15:51] "GET /favicon.ico HTTP/1.1" 404 -
::1 - - [29/Jan/2026 19:15:54] "GET / HTTP/1.1" 200 -
::1 - - [29/Jan/2026 19:15:54] "GET /finchdeck/styles.css HTTP/1.1" 200 -
::1 - - [29/Jan/2026 19:15:54] "GET /finchdeck/js/main.js HTTP/1.1" 200 -
::1 - - [29/Jan/2026 19:15:54] "GET /finchdeck/js/data/analysisData.js HTTP/1.1" 200 -
::1 - - [29/Jan/2026 19:15:54] "GET /finchdeck/js/core/dom.js HTTP/1.1" 200 -
::1 - - [29/Jan/2026 19:15:54] "GET /finchdeck/js/components/Header.js HTTP/1.1" 200 -
::1 - - [29/Jan/2026 19:15:54] "GET /finchdeck/js/components/SectionWrapper.js HTTP/1.1" 200 -
::1 - - [29/Jan/2026 19:15:54] "GET /finchdeck/js/sections/Hero.js HTTP/1.1" 200 -
::1 - - [29/Jan/2026 19:15:54] "GET /finchdeck/js/sections/Problem.js HTTP/1.1" 200 -
::1 - - [29/Jan/2026 19:15:54] "GET /finchdeck/js/sections/Solution.js HTTP/1.1" 200 -
::1 - - [29/Jan/2026 19:15:54] "GET /finchdeck/js/sections/SolutionIntro.js HTTP/1.1" 200 -
::1 - - [29/Jan/2026 19:15:54] "GET /finchdeck/js/sections/WhyNow.js HTTP/1.1" 200 -
::1 - - [29/Jan/2026 19:15:54] "GET /finchdeck/js/sections/Trust.js HTTP/1.1" 200 -
::1 - - [29/Jan/2026 19:15:54] "GET /finchdeck/js/sections/MarketOpportunity.js HTTP/1.1" 200 -
::1 - - [29/Jan/2026 19:15:54] "GET /finchdeck/js/sections/CurrentStatus.js HTTP/1.1" 200 -
::1 - - [29/Jan/2026 19:15:54] "GET /finchdeck/js/sections/GTMStrategy.js HTTP/1.1" 200 -
::1 - - [29/Jan/2026 19:15:54] "GET /finchdeck/js/sections/DecisionGuide.js HTTP/1.1" 200 -
::1 - - [29/Jan/2026 19:15:54] "GET /finchdeck/js/sections/Competition.js HTTP/1.1" 200 -
::1 - - [29/Jan/2026 19:15:54] "GET /finchdeck/js/sections/BusinessModel.js HTTP/1.1" 200 -
::1 - - [29/Jan/2026 19:15:54] "GET /finchdeck/js/sections/PreSeed.js HTTP/1.1" 200 -
::1 - - [29/Jan/2026 19:15:54] "GET /finchdeck/js/sections/Team.js HTTP/1.1" 200 -
::1 - - [29/Jan/2026 19:15:54] "GET /finchdeck/js/sections/Contact.js HTTP/1.1" 200 -
::1 - - [29/Jan/2026 19:15:54] "GET /finchdeck/photo_2026-01-28_10-15-44.jpg HTTP/1.1" 200 -
::1 - - [29/Jan/2026 19:15:54] "GET /finchdeck/photo_2025-02-11_06-57-10.jpg HTTP/1.1" 200 -
::1 - - [29/Jan/2026 19:15:54] "GET /finchdeck/photo_2023-12-25_06-11-46.jpg HTTP/1.1" 200 -
::1 - - [29/Jan/2026 19:15:54] code 404, message File not found
::1 - - [29/Jan/2026 19:15:54] "GET /favicon.ico HTTP/1.1" 404 -
::1 - - [29/Jan/2026 19:15:56] "GET / HTTP/1.1" 200 -
::1 - - [29/Jan/2026 19:15:56] "GET /finchdeck/styles.css HTTP/1.1" 200 -
::1 - - [29/Jan/2026 19:15:56] "GET /finchdeck/js/main.js HTTP/1.1" 200 -
::1 - - [29/Jan/2026 19:15:56] "GET /finchdeck/js/data/analysisData.js HTTP/1.1" 200 -
::1 - - [29/Jan/2026 19:15:56] "GET /finchdeck/js/sections/Hero.js HTTP/1.1" 200 -
::1 - - [29/Jan/2026 19:15:56] "GET /finchdeck/js/components/Header.js HTTP/1.1" 200 -
::1 - - [29/Jan/2026 19:15:56] "GET /finchdeck/js/components/SectionWrapper.js HTTP/1.1" 200 -
::1 - - [29/Jan/2026 19:15:56] "GET /finchdeck/js/sections/Problem.js HTTP/1.1" 200 -
::1 - - [29/Jan/2026 19:15:56] "GET /finchdeck/js/sections/WhyNow.js HTTP/1.1" 200 -
::1 - - [29/Jan/2026 19:15:56] "GET /finchdeck/js/sections/SolutionIntro.js HTTP/1.1" 200 -
::1 - - [29/Jan/2026 19:15:56] "GET /finchdeck/js/core/dom.js HTTP/1.1" 200 -
::1 - - [29/Jan/2026 19:15:56] "GET /finchdeck/js/sections/Solution.js HTTP/1.1" 200 -
::1 - - [29/Jan/2026 19:15:56] "GET /finchdeck/js/sections/Trust.js HTTP/1.1" 200 -
::1 - - [29/Jan/2026 19:15:56] "GET /finchdeck/js/sections/MarketOpportunity.js HTTP/1.1" 200 -
::1 - - [29/Jan/2026 19:15:56] "GET /finchdeck/js/sections/DecisionGuide.js HTTP/1.1" 200 -
::1 - - [29/Jan/2026 19:15:56] "GET /finchdeck/js/sections/GTMStrategy.js HTTP/1.1" 200 -
::1 - - [29/Jan/2026 19:15:56] "GET /finchdeck/js/sections/CurrentStatus.js HTTP/1.1" 200 -
::1 - - [29/Jan/2026 19:15:56] "GET /finchdeck/js/sections/Competition.js HTTP/1.1" 200 -
::1 - - [29/Jan/2026 19:15:56] "GET /finchdeck/js/sections/BusinessModel.js HTTP/1.1" 200 -
::1 - - [29/Jan/2026 19:15:56] "GET /finchdeck/js/sections/Team.js HTTP/1.1" 200 -
::1 - - [29/Jan/2026 19:15:56] "GET /finchdeck/js/sections/Contact.js HTTP/1.1" 200 -
::1 - - [29/Jan/2026 19:15:56] "GET /finchdeck/js/sections/PreSeed.js HTTP/1.1" 200 -
::1 - - [29/Jan/2026 19:15:56] "GET /finchdeck/photo_2025-02-11_06-57-10.jpg HTTP/1.1" 200 -
::1 - - [29/Jan/2026 19:15:56] "GET /finchdeck/photo_2023-12-25_06-11-46.jpg HTTP/1.1" 200 -
::1 - - [29/Jan/2026 19:15:56] "GET /finchdeck/photo_2026-01-28_10-15-44.jpg HTTP/1.1" 200 -
::1 - - [29/Jan/2026 19:15:56] code 404, message File not found
::1 - - [29/Jan/2026 19:15:56] "GET /favicon.ico HTTP/1.1" 404 -
::1 - - [29/Jan/2026 19:15:57] "GET / HTTP/1.1" 200 -
::1 - - [29/Jan/2026 19:15:57] "GET /finchdeck/js/main.js HTTP/1.1" 200 -
::1 - - [29/Jan/2026 19:15:57] "GET /finchdeck/styles.css HTTP/1.1" 200 -
::1 - - [29/Jan/2026 19:15:57] "GET /finchdeck/js/data/analysisData.js HTTP/1.1" 200 -
::1 - - [29/Jan/2026 19:15:57] "GET /finchdeck/js/core/dom.js HTTP/1.1" 200 -
::1 - - [29/Jan/2026 19:15:57] "GET /finchdeck/js/components/Header.js HTTP/1.1" 200 -
::1 - - [29/Jan/2026 19:15:57] "GET /finchdeck/js/components/SectionWrapper.js HTTP/1.1" 200 -
::1 - - [29/Jan/2026 19:15:57] "GET /finchdeck/js/sections/Problem.js HTTP/1.1" 200 -
::1 - - [29/Jan/2026 19:15:57] "GET /finchdeck/js/sections/Hero.js HTTP/1.1" 200 -
::1 - - [29/Jan/2026 19:15:57] "GET /finchdeck/js/sections/Trust.js HTTP/1.1" 200 -
::1 - - [29/Jan/2026 19:15:57] "GET /finchdeck/js/sections/WhyNow.js HTTP/1.1" 200 -
::1 - - [29/Jan/2026 19:15:57] "GET /finchdeck/js/sections/SolutionIntro.js HTTP/1.1" 200 -
::1 - - [29/Jan/2026 19:15:57] "GET /finchdeck/js/sections/Solution.js HTTP/1.1" 200 -
::1 - - [29/Jan/2026 19:15:57] "GET /finchdeck/js/sections/DecisionGuide.js HTTP/1.1" 200 -
::1 - - [29/Jan/2026 19:15:57] "GET /finchdeck/js/sections/MarketOpportunity.js HTTP/1.1" 200 -
::1 - - [29/Jan/2026 19:15:57] "GET /finchdeck/js/sections/CurrentStatus.js HTTP/1.1" 200 -
::1 - - [29/Jan/2026 19:15:57] "GET /finchdeck/js/sections/GTMStrategy.js HTTP/1.1" 200 -
::1 - - [29/Jan/2026 19:15:57] "GET /finchdeck/js/sections/Competition.js HTTP/1.1" 200 -
::1 - - [29/Jan/2026 19:15:57] "GET /finchdeck/js/sections/BusinessModel.js HTTP/1.1" 200 -
::1 - - [29/Jan/2026 19:15:57] "GET /finchdeck/js/sections/Team.js HTTP/1.1" 200 -
::1 - - [29/Jan/2026 19:15:57] "GET /finchdeck/js/sections/PreSeed.js HTTP/1.1" 200 -
::1 - - [29/Jan/2026 19:15:57] "GET /finchdeck/js/sections/Contact.js HTTP/1.1" 200 -
::1 - - [29/Jan/2026 19:15:57] "GET /finchdeck/photo_2025-02-11_06-57-10.jpg HTTP/1.1" 200 -
::1 - - [29/Jan/2026 19:15:57] "GET /finchdeck/photo_2023-12-25_06-11-46.jpg HTTP/1.1" 200 -
::1 - - [29/Jan/2026 19:15:57] "GET /finchdeck/photo_2026-01-28_10-15-44.jpg HTTP/1.1" 200 -
::1 - - [29/Jan/2026 19:15:57] code 404, message File not found
::1 - - [29/Jan/2026 19:15:57] "GET /favicon.ico HTTP/1.1" 404 -
::1 - - [29/Jan/2026 19:15:58] "GET / HTTP/1.1" 200 -
::1 - - [29/Jan/2026 19:15:58] "GET /finchdeck/styles.css HTTP/1.1" 200 -
::1 - - [29/Jan/2026 19:15:58] "GET /finchdeck/js/main.js HTTP/1.1" 200 -
::1 - - [29/Jan/2026 19:15:58] "GET /finchdeck/js/data/analysisData.js HTTP/1.1" 200 -
::1 - - [29/Jan/2026 19:15:58] "GET /finchdeck/js/core/dom.js HTTP/1.1" 200 -
::1 - - [29/Jan/2026 19:15:58] "GET /finchdeck/js/components/Header.js HTTP/1.1" 200 -
::1 - - [29/Jan/2026 19:15:58] "GET /finchdeck/js/components/SectionWrapper.js HTTP/1.1" 200 -
::1 - - [29/Jan/2026 19:15:58] "GET /finchdeck/js/sections/Hero.js HTTP/1.1" 200 -
::1 - - [29/Jan/2026 19:15:58] "GET /finchdeck/js/sections/Problem.js HTTP/1.1" 200 -
::1 - - [29/Jan/2026 19:15:58] "GET /finchdeck/js/sections/Trust.js HTTP/1.1" 200 -
::1 - - [29/Jan/2026 19:15:58] "GET /finchdeck/js/sections/WhyNow.js HTTP/1.1" 200 -
::1 - - [29/Jan/2026 19:15:58] "GET /finchdeck/js/sections/SolutionIntro.js HTTP/1.1" 200 -
::1 - - [29/Jan/2026 19:15:58] "GET /finchdeck/js/sections/Solution.js HTTP/1.1" 200 -
::1 - - [29/Jan/2026 19:15:58] "GET /finchdeck/js/sections/GTMStrategy.js HTTP/1.1" 200 -
::1 - - [29/Jan/2026 19:15:58] "GET /finchdeck/js/sections/MarketOpportunity.js HTTP/1.1" 200 -
::1 - - [29/Jan/2026 19:15:58] "GET /finchdeck/js/sections/DecisionGuide.js HTTP/1.1" 200 -
::1 - - [29/Jan/2026 19:15:58] "GET /finchdeck/js/sections/CurrentStatus.js HTTP/1.1" 200 -
::1 - - [29/Jan/2026 19:15:58] "GET /finchdeck/js/sections/BusinessModel.js HTTP/1.1" 200 -
::1 - - [29/Jan/2026 19:15:58] "GET /finchdeck/js/sections/Competition.js HTTP/1.1" 200 -
::1 - - [29/Jan/2026 19:15:58] "GET /finchdeck/js/sections/Team.js HTTP/1.1" 200 -
::1 - - [29/Jan/2026 19:15:58] "GET /finchdeck/js/sections/PreSeed.js HTTP/1.1" 200 -
::1 - - [29/Jan/2026 19:15:58] "GET /finchdeck/js/sections/Contact.js HTTP/1.1" 200 -
::1 - - [29/Jan/2026 19:15:58] "GET /finchdeck/photo_2026-01-28_10-15-44.jpg HTTP/1.1" 200 -
::1 - - [29/Jan/2026 19:15:58] "GET /finchdeck/photo_2025-02-11_06-57-10.jpg HTTP/1.1" 200 -
::1 - - [29/Jan/2026 19:15:58] "GET /finchdeck/photo_2023-12-25_06-11-46.jpg HTTP/1.1" 200 -
::1 - - [29/Jan/2026 19:15:58] code 404, message File not found
::1 - - [29/Jan/2026 19:15:58] "GET /favicon.ico HTTP/1.1" 404 -
::1 - - [29/Jan/2026 19:15:59] "GET / HTTP/1.1" 200 -
::1 - - [29/Jan/2026 19:15:59] "GET /finchdeck/styles.css HTTP/1.1" 200 -
::1 - - [29/Jan/2026 19:15:59] "GET /finchdeck/js/main.js HTTP/1.1" 200 -
::1 - - [29/Jan/2026 19:15:59] "GET /finchdeck/js/data/analysisData.js HTTP/1.1" 200 -
::1 - - [29/Jan/2026 19:15:59] "GET /finchdeck/js/core/dom.js HTTP/1.1" 200 -
::1 - - [29/Jan/2026 19:15:59] "GET /finchdeck/js/sections/Hero.js HTTP/1.1" 200 -
::1 - - [29/Jan/2026 19:15:59] "GET /finchdeck/js/sections/Problem.js HTTP/1.1" 200 -
::1 - - [29/Jan/2026 19:15:59] "GET /finchdeck/js/sections/SolutionIntro.js HTTP/1.1" 200 -
::1 - - [29/Jan/2026 19:15:59] "GET /finchdeck/js/components/Header.js HTTP/1.1" 200 -
::1 - - [29/Jan/2026 19:15:59] "GET /finchdeck/js/sections/WhyNow.js HTTP/1.1" 200 -
::1 - - [29/Jan/2026 19:15:59] "GET /finchdeck/js/components/SectionWrapper.js HTTP/1.1" 200 -
::1 - - [29/Jan/2026 19:15:59] "GET /finchdeck/js/sections/Solution.js HTTP/1.1" 200 -
::1 - - [29/Jan/2026 19:15:59] "GET /finchdeck/js/sections/Trust.js HTTP/1.1" 200 -
::1 - - [29/Jan/2026 19:15:59] "GET /finchdeck/js/sections/DecisionGuide.js HTTP/1.1" 200 -
::1 - - [29/Jan/2026 19:15:59] "GET /finchdeck/js/sections/MarketOpportunity.js HTTP/1.1" 200 -
::1 - - [29/Jan/2026 19:15:59] "GET /finchdeck/js/sections/GTMStrategy.js HTTP/1.1" 200 -
::1 - - [29/Jan/2026 19:15:59] "GET /finchdeck/js/sections/CurrentStatus.js HTTP/1.1" 200 -
::1 - - [29/Jan/2026 19:15:59] "GET /finchdeck/js/sections/Competition.js HTTP/1.1" 200 -
::1 - - [29/Jan/2026 19:15:59] "GET /finchdeck/js/sections/Team.js HTTP/1.1" 200 -
::1 - - [29/Jan/2026 19:15:59] "GET /finchdeck/js/sections/BusinessModel.js HTTP/1.1" 200 -
::1 - - [29/Jan/2026 19:15:59] "GET /finchdeck/js/sections/PreSeed.js HTTP/1.1" 200 -
::1 - - [29/Jan/2026 19:15:59] "GET /finchdeck/js/sections/Contact.js HTTP/1.1" 200 -
::1 - - [29/Jan/2026 19:15:59] "GET /finchdeck/photo_2026-01-28_10-15-44.jpg HTTP/1.1" 200 -
::1 - - [29/Jan/2026 19:15:59] "GET /finchdeck/photo_2025-02-11_06-57-10.jpg HTTP/1.1" 200 -
::1 - - [29/Jan/2026 19:15:59] "GET /finchdeck/photo_2023-12-25_06-11-46.jpg HTTP/1.1" 200 -
::1 - - [29/Jan/2026 19:15:59] code 404, message File not found
::1 - - [29/Jan/2026 19:15:59] "GET /favicon.ico HTTP/1.1" 404 -
::1 - - [29/Jan/2026 19:16:19] "GET / HTTP/1.1" 200 -
::1 - - [29/Jan/2026 19:16:19] "GET /finchdeck/js/main.js HTTP/1.1" 200 -
::1 - - [29/Jan/2026 19:16:19] "GET /finchdeck/styles.css HTTP/1.1" 200 -
::1 - - [29/Jan/2026 19:16:19] "GET /finchdeck/js/data/analysisData.js HTTP/1.1" 200 -
::1 - - [29/Jan/2026 19:16:19] "GET /finchdeck/js/core/dom.js HTTP/1.1" 200 -
::1 - - [29/Jan/2026 19:16:19] "GET /finchdeck/js/components/Header.js HTTP/1.1" 200 -
::1 - - [29/Jan/2026 19:16:19] "GET /finchdeck/js/components/SectionWrapper.js HTTP/1.1" 200 -
::1 - - [29/Jan/2026 19:16:19] "GET /finchdeck/js/sections/WhyNow.js HTTP/1.1" 200 -
::1 - - [29/Jan/2026 19:16:19] "GET /finchdeck/js/sections/Problem.js HTTP/1.1" 200 -
::1 - - [29/Jan/2026 19:16:19] "GET /finchdeck/js/sections/Hero.js HTTP/1.1" 200 -
::1 - - [29/Jan/2026 19:16:19] "GET /finchdeck/js/sections/SolutionIntro.js HTTP/1.1" 200 -
::1 - - [29/Jan/2026 19:16:19] "GET /finchdeck/js/sections/Solution.js HTTP/1.1" 200 -
::1 - - [29/Jan/2026 19:16:19] "GET /finchdeck/js/sections/Trust.js HTTP/1.1" 200 -
::1 - - [29/Jan/2026 19:16:19] "GET /finchdeck/js/sections/MarketOpportunity.js HTTP/1.1" 200 -
::1 - - [29/Jan/2026 19:16:19] "GET /finchdeck/js/sections/GTMStrategy.js HTTP/1.1" 200 -
::1 - - [29/Jan/2026 19:16:19] "GET /finchdeck/js/sections/DecisionGuide.js HTTP/1.1" 200 -
::1 - - [29/Jan/2026 19:16:19] "GET /finchdeck/js/sections/CurrentStatus.js HTTP/1.1" 200 -
::1 - - [29/Jan/2026 19:16:19] "GET /finchdeck/js/sections/Competition.js HTTP/1.1" 200 -
::1 - - [29/Jan/2026 19:16:19] "GET /finchdeck/js/sections/BusinessModel.js HTTP/1.1" 200 -
::1 - - [29/Jan/2026 19:16:19] "GET /finchdeck/js/sections/Team.js HTTP/1.1" 200 -
::1 - - [29/Jan/2026 19:16:19] "GET /finchdeck/js/sections/PreSeed.js HTTP/1.1" 200 -
::1 - - [29/Jan/2026 19:16:19] "GET /finchdeck/js/sections/Contact.js HTTP/1.1" 200 -
::1 - - [29/Jan/2026 19:16:19] "GET /finchdeck/photo_2026-01-28_10-15-44.jpg HTTP/1.1" 200 -
::1 - - [29/Jan/2026 19:16:19] "GET /finchdeck/photo_2023-12-25_06-11-46.jpg HTTP/1.1" 200 -
::1 - - [29/Jan/2026 19:16:19] "GET /finchdeck/photo_2025-02-11_06-57-10.jpg HTTP/1.1" 200 -
::1 - - [29/Jan/2026 19:16:19] code 404, message File not found
::1 - - [29/Jan/2026 19:16:19] "GET /favicon.ico HTTP/1.1" 404 -
::1 - - [29/Jan/2026 19:16:28] "GET / HTTP/1.1" 200 -
::1 - - [29/Jan/2026 19:16:28] "GET /finchdeck/js/main.js HTTP/1.1" 200 -
::1 - - [29/Jan/2026 19:16:28] "GET /finchdeck/styles.css HTTP/1.1" 200 -
::1 - - [29/Jan/2026 19:16:28] "GET /finchdeck/js/data/analysisData.js HTTP/1.1" 200 -
::1 - - [29/Jan/2026 19:16:28] "GET /finchdeck/js/components/Header.js HTTP/1.1" 200 -
::1 - - [29/Jan/2026 19:16:28] "GET /finchdeck/js/core/dom.js HTTP/1.1" 200 -
::1 - - [29/Jan/2026 19:16:28] "GET /finchdeck/js/components/SectionWrapper.js HTTP/1.1" 200 -
::1 - - [29/Jan/2026 19:16:28] "GET /finchdeck/js/sections/Hero.js HTTP/1.1" 200 -
::1 - - [29/Jan/2026 19:16:28] "GET /finchdeck/js/sections/Problem.js HTTP/1.1" 200 -
::1 - - [29/Jan/2026 19:16:28] "GET /finchdeck/js/sections/SolutionIntro.js HTTP/1.1" 200 -
::1 - - [29/Jan/2026 19:16:28] "GET /finchdeck/js/sections/WhyNow.js HTTP/1.1" 200 -
::1 - - [29/Jan/2026 19:16:28] "GET /finchdeck/js/sections/Solution.js HTTP/1.1" 200 -
::1 - - [29/Jan/2026 19:16:28] "GET /finchdeck/js/sections/Trust.js HTTP/1.1" 200 -
::1 - - [29/Jan/2026 19:16:28] "GET /finchdeck/js/sections/CurrentStatus.js HTTP/1.1" 200 -
::1 - - [29/Jan/2026 19:16:28] "GET /finchdeck/js/sections/DecisionGuide.js HTTP/1.1" 200 -
::1 - - [29/Jan/2026 19:16:28] "GET /finchdeck/js/sections/MarketOpportunity.js HTTP/1.1" 200 -
::1 - - [29/Jan/2026 19:16:28] "GET /finchdeck/js/sections/GTMStrategy.js HTTP/1.1" 200 -
::1 - - [29/Jan/2026 19:16:28] "GET /finchdeck/js/sections/Competition.js HTTP/1.1" 200 -
::1 - - [29/Jan/2026 19:16:28] "GET /finchdeck/js/sections/BusinessModel.js HTTP/1.1" 200 -
::1 - - [29/Jan/2026 19:16:28] "GET /finchdeck/js/sections/Team.js HTTP/1.1" 200 -
::1 - - [29/Jan/2026 19:16:28] "GET /finchdeck/js/sections/PreSeed.js HTTP/1.1" 200 -
::1 - - [29/Jan/2026 19:16:28] "GET /finchdeck/js/sections/Contact.js HTTP/1.1" 200 -
::1 - - [29/Jan/2026 19:16:28] "GET /finchdeck/photo_2026-01-28_10-15-44.jpg HTTP/1.1" 200 -
::1 - - [29/Jan/2026 19:16:28] "GET /finchdeck/photo_2025-02-11_06-57-10.jpg HTTP/1.1" 200 -
::1 - - [29/Jan/2026 19:16:28] "GET /finchdeck/photo_2023-12-25_06-11-46.jpg HTTP/1.1" 200 -
::1 - - [29/Jan/2026 19:16:28] code 404, message File not found
::1 - - [29/Jan/2026 19:16:28] "GET /favicon.ico HTTP/1.1" 404 -
::1 - - [29/Jan/2026 19:17:14] "GET / HTTP/1.1" 304 -
::1 - - [29/Jan/2026 19:17:14] "GET /finchdeck/js/sections/Problem.js HTTP/1.1" 304 -
::1 - - [29/Jan/2026 19:17:16] "GET / HTTP/1.1" 200 -
::1 - - [29/Jan/2026 19:17:16] "GET /finchdeck/styles.css HTTP/1.1" 200 -
::1 - - [29/Jan/2026 19:17:16] "GET /finchdeck/js/main.js HTTP/1.1" 200 -
::1 - - [29/Jan/2026 19:17:16] "GET /finchdeck/js/data/analysisData.js HTTP/1.1" 200 -
::1 - - [29/Jan/2026 19:17:16] "GET /finchdeck/js/core/dom.js HTTP/1.1" 200 -
::1 - - [29/Jan/2026 19:17:16] "GET /finchdeck/js/components/Header.js HTTP/1.1" 200 -
::1 - - [29/Jan/2026 19:17:16] "GET /finchdeck/js/components/SectionWrapper.js HTTP/1.1" 200 -
::1 - - [29/Jan/2026 19:17:16] "GET /finchdeck/js/sections/Hero.js HTTP/1.1" 200 -
::1 - - [29/Jan/2026 19:17:16] "GET /finchdeck/js/sections/Problem.js HTTP/1.1" 200 -
::1 - - [29/Jan/2026 19:17:16] "GET /finchdeck/js/sections/WhyNow.js HTTP/1.1" 200 -
::1 - - [29/Jan/2026 19:17:16] "GET /finchdeck/js/sections/SolutionIntro.js HTTP/1.1" 200 -
::1 - - [29/Jan/2026 19:17:16] "GET /finchdeck/js/sections/Solution.js HTTP/1.1" 200 -
::1 - - [29/Jan/2026 19:17:16] "GET /finchdeck/js/sections/Trust.js HTTP/1.1" 200 -
::1 - - [29/Jan/2026 19:17:16] "GET /finchdeck/js/sections/DecisionGuide.js HTTP/1.1" 200 -
::1 - - [29/Jan/2026 19:17:16] "GET /finchdeck/js/sections/MarketOpportunity.js HTTP/1.1" 200 -
::1 - - [29/Jan/2026 19:17:16] "GET /finchdeck/js/sections/GTMStrategy.js HTTP/1.1" 200 -
::1 - - [29/Jan/2026 19:17:16] "GET /finchdeck/js/sections/CurrentStatus.js HTTP/1.1" 200 -
::1 - - [29/Jan/2026 19:17:16] "GET /finchdeck/js/sections/Competition.js HTTP/1.1" 200 -
::1 - - [29/Jan/2026 19:17:16] "GET /finchdeck/js/sections/BusinessModel.js HTTP/1.1" 200 -
::1 - - [29/Jan/2026 19:17:16] "GET /finchdeck/js/sections/Team.js HTTP/1.1" 200 -
::1 - - [29/Jan/2026 19:17:16] "GET /finchdeck/js/sections/PreSeed.js HTTP/1.1" 200 -
::1 - - [29/Jan/2026 19:17:16] "GET /finchdeck/js/sections/Contact.js HTTP/1.1" 200 -
::1 - - [29/Jan/2026 19:17:16] "GET /finchdeck/photo_2026-01-28_10-15-44.jpg HTTP/1.1" 200 -
::1 - - [29/Jan/2026 19:17:16] "GET /finchdeck/photo_2025-02-11_06-57-10.jpg HTTP/1.1" 200 -
::1 - - [29/Jan/2026 19:17:16] "GET /finchdeck/photo_2023-12-25_06-11-46.jpg HTTP/1.1" 200 -
::1 - - [29/Jan/2026 19:17:16] code 404, message File not found
::1 - - [29/Jan/2026 19:17:16] "GET /favicon.ico HTTP/1.1" 404 -
::1 - - [29/Jan/2026 19:18:05] "GET / HTTP/1.1" 200 -
::1 - - [29/Jan/2026 19:18:05] "GET /finchdeck/styles.css HTTP/1.1" 200 -
::1 - - [29/Jan/2026 19:18:05] "GET /finchdeck/js/main.js HTTP/1.1" 200 -
::1 - - [29/Jan/2026 19:18:05] "GET /finchdeck/js/data/analysisData.js HTTP/1.1" 200 -
::1 - - [29/Jan/2026 19:18:05] "GET /finchdeck/js/components/Header.js HTTP/1.1" 200 -
::1 - - [29/Jan/2026 19:18:05] "GET /finchdeck/js/core/dom.js HTTP/1.1" 200 -
::1 - - [29/Jan/2026 19:18:05] "GET /finchdeck/js/components/SectionWrapper.js HTTP/1.1" 200 -
::1 - - [29/Jan/2026 19:18:05] "GET /finchdeck/js/sections/Trust.js HTTP/1.1" 200 -
::1 - - [29/Jan/2026 19:18:05] "GET /finchdeck/js/sections/Solution.js HTTP/1.1" 200 -
::1 - - [29/Jan/2026 19:18:05] "GET /finchdeck/js/sections/Hero.js HTTP/1.1" 200 -
::1 - - [29/Jan/2026 19:18:05] "GET /finchdeck/js/sections/WhyNow.js HTTP/1.1" 200 -
::1 - - [29/Jan/2026 19:18:05] "GET /finchdeck/js/sections/Problem.js HTTP/1.1" 200 -
::1 - - [29/Jan/2026 19:18:05] "GET /finchdeck/js/sections/SolutionIntro.js HTTP/1.1" 200 -
::1 - - [29/Jan/2026 19:18:05] "GET /finchdeck/js/sections/DecisionGuide.js HTTP/1.1" 200 -
::1 - - [29/Jan/2026 19:18:05] "GET /finchdeck/js/sections/GTMStrategy.js HTTP/1.1" 200 -
::1 - - [29/Jan/2026 19:18:05] "GET /finchdeck/js/sections/MarketOpportunity.js HTTP/1.1" 200 -
::1 - - [29/Jan/2026 19:18:05] "GET /finchdeck/js/sections/CurrentStatus.js HTTP/1.1" 200 -
::1 - - [29/Jan/2026 19:18:05] "GET /finchdeck/js/sections/Competition.js HTTP/1.1" 200 -
::1 - - [29/Jan/2026 19:18:05] "GET /finchdeck/js/sections/BusinessModel.js HTTP/1.1" 200 -
::1 - - [29/Jan/2026 19:18:05] "GET /finchdeck/js/sections/Team.js HTTP/1.1" 200 -
::1 - - [29/Jan/2026 19:18:05] "GET /finchdeck/js/sections/PreSeed.js HTTP/1.1" 200 -
::1 - - [29/Jan/2026 19:18:05] "GET /finchdeck/js/sections/Contact.js HTTP/1.1" 200 -
::1 - - [29/Jan/2026 19:18:05] "GET /finchdeck/photo_2026-01-28_10-15-44.jpg HTTP/1.1" 200 -
::1 - - [29/Jan/2026 19:18:05] "GET /finchdeck/photo_2025-02-11_06-57-10.jpg HTTP/1.1" 200 -
::1 - - [29/Jan/2026 19:18:05] "GET /finchdeck/photo_2023-12-25_06-11-46.jpg HTTP/1.1" 200 -
::1 - - [29/Jan/2026 19:18:05] code 404, message File not found
::1 - - [29/Jan/2026 19:18:05] "GET /favicon.ico HTTP/1.1" 404 -
::1 - - [29/Jan/2026 19:18:22] "GET / HTTP/1.1" 200 -
::1 - - [29/Jan/2026 19:18:22] "GET /finchdeck/styles.css HTTP/1.1" 200 -
::1 - - [29/Jan/2026 19:18:22] "GET /finchdeck/js/main.js HTTP/1.1" 200 -
::1 - - [29/Jan/2026 19:18:22] "GET /finchdeck/js/data/analysisData.js HTTP/1.1" 200 -
::1 - - [29/Jan/2026 19:18:22] "GET /finchdeck/js/core/dom.js HTTP/1.1" 200 -
::1 - - [29/Jan/2026 19:18:22] "GET /finchdeck/js/components/SectionWrapper.js HTTP/1.1" 200 -
::1 - - [29/Jan/2026 19:18:22] "GET /finchdeck/js/components/Header.js HTTP/1.1" 200 -
::1 - - [29/Jan/2026 19:18:22] "GET /finchdeck/js/sections/Hero.js HTTP/1.1" 200 -
::1 - - [29/Jan/2026 19:18:22] "GET /finchdeck/js/sections/WhyNow.js HTTP/1.1" 200 -
::1 - - [29/Jan/2026 19:18:22] "GET /finchdeck/js/sections/SolutionIntro.js HTTP/1.1" 200 -
::1 - - [29/Jan/2026 19:18:22] "GET /finchdeck/js/sections/Problem.js HTTP/1.1" 200 -
::1 - - [29/Jan/2026 19:18:22] "GET /finchdeck/js/sections/Solution.js HTTP/1.1" 200 -
::1 - - [29/Jan/2026 19:18:22] "GET /finchdeck/js/sections/Trust.js HTTP/1.1" 200 -
::1 - - [29/Jan/2026 19:18:22] "GET /finchdeck/js/sections/DecisionGuide.js HTTP/1.1" 200 -
::1 - - [29/Jan/2026 19:18:22] "GET /finchdeck/js/sections/GTMStrategy.js HTTP/1.1" 200 -
::1 - - [29/Jan/2026 19:18:22] "GET /finchdeck/js/sections/CurrentStatus.js HTTP/1.1" 200 -
::1 - - [29/Jan/2026 19:18:22] "GET /finchdeck/js/sections/Competition.js HTTP/1.1" 200 -
::1 - - [29/Jan/2026 19:18:22] "GET /finchdeck/js/sections/BusinessModel.js HTTP/1.1" 200 -
::1 - - [29/Jan/2026 19:18:22] "GET /finchdeck/js/sections/Team.js HTTP/1.1" 200 -
::1 - - [29/Jan/2026 19:18:22] "GET /finchdeck/js/sections/MarketOpportunity.js HTTP/1.1" 200 -
::1 - - [29/Jan/2026 19:18:22] "GET /finchdeck/js/sections/PreSeed.js HTTP/1.1" 200 -
::1 - - [29/Jan/2026 19:18:22] "GET /finchdeck/js/sections/Contact.js HTTP/1.1" 200 -
::1 - - [29/Jan/2026 19:18:22] "GET /finchdeck/photo_2026-01-28_10-15-44.jpg HTTP/1.1" 200 -
::1 - - [29/Jan/2026 19:18:22] "GET /finchdeck/photo_2025-02-11_06-57-10.jpg HTTP/1.1" 200 -
::1 - - [29/Jan/2026 19:18:22] "GET /finchdeck/photo_2023-12-25_06-11-46.jpg HTTP/1.1" 200 -
::1 - - [29/Jan/2026 19:18:22] code 404, message File not found
::1 - - [29/Jan/2026 19:18:22] "GET /favicon.ico HTTP/1.1" 404 -
::1 - - [29/Jan/2026 19:20:45] "GET / HTTP/1.1" 200 -
::1 - - [29/Jan/2026 19:20:45] "GET /finchdeck/js/main.js HTTP/1.1" 200 -
::1 - - [29/Jan/2026 19:20:45] "GET /finchdeck/styles.css HTTP/1.1" 200 -
::1 - - [29/Jan/2026 19:20:45] "GET /finchdeck/js/components/Header.js HTTP/1.1" 200 -
::1 - - [29/Jan/2026 19:20:45] "GET /finchdeck/js/core/dom.js HTTP/1.1" 200 -
::1 - - [29/Jan/2026 19:20:45] "GET /finchdeck/js/data/analysisData.js HTTP/1.1" 200 -
::1 - - [29/Jan/2026 19:20:45] "GET /finchdeck/js/components/SectionWrapper.js HTTP/1.1" 200 -
::1 - - [29/Jan/2026 19:20:45] "GET /finchdeck/js/sections/Problem.js HTTP/1.1" 200 -
::1 - - [29/Jan/2026 19:20:45] "GET /finchdeck/js/sections/WhyNow.js HTTP/1.1" 200 -
::1 - - [29/Jan/2026 19:20:45] "GET /finchdeck/js/sections/Trust.js HTTP/1.1" 200 -
::1 - - [29/Jan/2026 19:20:45] "GET /finchdeck/js/sections/Hero.js HTTP/1.1" 200 -
::1 - - [29/Jan/2026 19:20:45] "GET /finchdeck/js/sections/SolutionIntro.js HTTP/1.1" 200 -
::1 - - [29/Jan/2026 19:20:45] "GET /finchdeck/js/sections/Solution.js HTTP/1.1" 200 -
::1 - - [29/Jan/2026 19:20:45] "GET /finchdeck/js/sections/CurrentStatus.js HTTP/1.1" 200 -
::1 - - [29/Jan/2026 19:20:45] "GET /finchdeck/js/sections/DecisionGuide.js HTTP/1.1" 200 -
::1 - - [29/Jan/2026 19:20:45] "GET /finchdeck/js/sections/MarketOpportunity.js HTTP/1.1" 200 -
::1 - - [29/Jan/2026 19:20:45] "GET /finchdeck/js/sections/Competition.js HTTP/1.1" 200 -
::1 - - [29/Jan/2026 19:20:45] "GET /finchdeck/js/sections/BusinessModel.js HTTP/1.1" 200 -
::1 - - [29/Jan/2026 19:20:45] "GET /finchdeck/js/sections/GTMStrategy.js HTTP/1.1" 200 -
::1 - - [29/Jan/2026 19:20:45] "GET /finchdeck/js/sections/Team.js HTTP/1.1" 200 -
::1 - - [29/Jan/2026 19:20:45] "GET /finchdeck/js/sections/PreSeed.js HTTP/1.1" 200 -
::1 - - [29/Jan/2026 19:20:45] "GET /finchdeck/js/sections/Contact.js HTTP/1.1" 200 -
::1 - - [29/Jan/2026 19:20:45] "GET /finchdeck/photo_2026-01-28_10-15-44.jpg HTTP/1.1" 200 -
::1 - - [29/Jan/2026 19:20:45] "GET /finchdeck/photo_2025-02-11_06-57-10.jpg HTTP/1.1" 200 -
::1 - - [29/Jan/2026 19:20:45] "GET /finchdeck/photo_2023-12-25_06-11-46.jpg HTTP/1.1" 200 -
::1 - - [29/Jan/2026 19:20:45] code 404, message File not found
::1 - - [29/Jan/2026 19:20:45] "GET /favicon.ico HTTP/1.1" 404 -
::1 - - [29/Jan/2026 19:21:34] "GET / HTTP/1.1" 200 -
::1 - - [29/Jan/2026 19:21:34] "GET /finchdeck/styles.css HTTP/1.1" 200 -
::1 - - [29/Jan/2026 19:21:34] "GET /finchdeck/js/main.js HTTP/1.1" 200 -
::1 - - [29/Jan/2026 19:21:35] "GET /finchdeck/js/data/analysisData.js HTTP/1.1" 200 -
::1 - - [29/Jan/2026 19:21:35] "GET /finchdeck/js/sections/Hero.js HTTP/1.1" 200 -
::1 - - [29/Jan/2026 19:21:35] "GET /finchdeck/js/sections/WhyNow.js HTTP/1.1" 200 -
::1 - - [29/Jan/2026 19:21:35] "GET /finchdeck/js/core/dom.js HTTP/1.1" 200 -
::1 - - [29/Jan/2026 19:21:35] "GET /finchdeck/js/components/Header.js HTTP/1.1" 200 -
::1 - - [29/Jan/2026 19:21:35] "GET /finchdeck/js/sections/Problem.js HTTP/1.1" 200 -
::1 - - [29/Jan/2026 19:21:35] "GET /finchdeck/js/sections/Solution.js HTTP/1.1" 200 -
::1 - - [29/Jan/2026 19:21:35] "GET /finchdeck/js/components/SectionWrapper.js HTTP/1.1" 200 -
::1 - - [29/Jan/2026 19:21:35] "GET /finchdeck/js/sections/SolutionIntro.js HTTP/1.1" 200 -
::1 - - [29/Jan/2026 19:21:35] "GET /finchdeck/js/sections/DecisionGuide.js HTTP/1.1" 200 -
::1 - - [29/Jan/2026 19:21:35] "GET /finchdeck/js/sections/Trust.js HTTP/1.1" 200 -
::1 - - [29/Jan/2026 19:21:35] "GET /finchdeck/js/sections/MarketOpportunity.js HTTP/1.1" 200 -
::1 - - [29/Jan/2026 19:21:35] "GET /finchdeck/js/sections/CurrentStatus.js HTTP/1.1" 200 -
::1 - - [29/Jan/2026 19:21:35] "GET /finchdeck/js/sections/GTMStrategy.js HTTP/1.1" 200 -
::1 - - [29/Jan/2026 19:21:35] "GET /finchdeck/js/sections/Competition.js HTTP/1.1" 200 -
::1 - - [29/Jan/2026 19:21:35] "GET /finchdeck/js/sections/BusinessModel.js HTTP/1.1" 200 -
::1 - - [29/Jan/2026 19:21:35] "GET /finchdeck/js/sections/Team.js HTTP/1.1" 200 -
::1 - - [29/Jan/2026 19:21:35] "GET /finchdeck/js/sections/PreSeed.js HTTP/1.1" 200 -
::1 - - [29/Jan/2026 19:21:35] "GET /finchdeck/js/sections/Contact.js HTTP/1.1" 200 -
::1 - - [29/Jan/2026 19:21:35] "GET /finchdeck/photo_2026-01-28_10-15-44.jpg HTTP/1.1" 200 -
::1 - - [29/Jan/2026 19:21:35] "GET /finchdeck/photo_2025-02-11_06-57-10.jpg HTTP/1.1" 200 -
::1 - - [29/Jan/2026 19:21:35] "GET /finchdeck/photo_2023-12-25_06-11-46.jpg HTTP/1.1" 200 -
::1 - - [29/Jan/2026 19:21:35] code 404, message File not found
::1 - - [29/Jan/2026 19:21:35] "GET /favicon.ico HTTP/1.1" 404 -
::1 - - [29/Jan/2026 19:26:57] "GET / HTTP/1.1" 200 -
::1 - - [29/Jan/2026 19:26:57] "GET /finchdeck/styles.css HTTP/1.1" 200 -
::1 - - [29/Jan/2026 19:26:57] "GET /finchdeck/js/main.js HTTP/1.1" 200 -
::1 - - [29/Jan/2026 19:26:57] "GET /finchdeck/js/core/dom.js HTTP/1.1" 200 -
::1 - - [29/Jan/2026 19:26:57] "GET /finchdeck/js/data/analysisData.js HTTP/1.1" 200 -
::1 - - [29/Jan/2026 19:26:57] "GET /finchdeck/js/components/Header.js HTTP/1.1" 200 -
::1 - - [29/Jan/2026 19:26:57] "GET /finchdeck/js/components/SectionWrapper.js HTTP/1.1" 200 -
::1 - - [29/Jan/2026 19:26:57] "GET /finchdeck/js/sections/Hero.js HTTP/1.1" 200 -
::1 - - [29/Jan/2026 19:26:57] "GET /finchdeck/js/sections/Problem.js HTTP/1.1" 200 -
::1 - - [29/Jan/2026 19:26:57] "GET /finchdeck/js/sections/DecisionGuide.js HTTP/1.1" 200 -
::1 - - [29/Jan/2026 19:26:57] "GET /finchdeck/js/sections/WhyNow.js HTTP/1.1" 200 -
::1 - - [29/Jan/2026 19:26:57] "GET /finchdeck/js/sections/SolutionIntro.js HTTP/1.1" 200 -
::1 - - [29/Jan/2026 19:26:57] "GET /finchdeck/js/sections/Solution.js HTTP/1.1" 200 -
::1 - - [29/Jan/2026 19:26:57] "GET /finchdeck/js/sections/Trust.js HTTP/1.1" 200 -
::1 - - [29/Jan/2026 19:26:57] "GET /finchdeck/js/sections/MarketOpportunity.js HTTP/1.1" 200 -
::1 - - [29/Jan/2026 19:26:57] "GET /finchdeck/js/sections/Team.js HTTP/1.1" 200 -
::1 - - [29/Jan/2026 19:26:57] "GET /finchdeck/js/sections/CurrentStatus.js HTTP/1.1" 200 -
::1 - - [29/Jan/2026 19:26:57] "GET /finchdeck/js/sections/GTMStrategy.js HTTP/1.1" 200 -
::1 - - [29/Jan/2026 19:26:57] "GET /finchdeck/js/sections/Competition.js HTTP/1.1" 200 -
::1 - - [29/Jan/2026 19:26:57] "GET /finchdeck/js/sections/BusinessModel.js HTTP/1.1" 200 -
::1 - - [29/Jan/2026 19:26:57] "GET /finchdeck/js/sections/PreSeed.js HTTP/1.1" 200 -
::1 - - [29/Jan/2026 19:26:57] "GET /finchdeck/js/sections/Contact.js HTTP/1.1" 200 -
::1 - - [29/Jan/2026 19:26:57] "GET /finchdeck/photo_2026-01-28_10-15-44.jpg HTTP/1.1" 200 -
::1 - - [29/Jan/2026 19:26:57] "GET /finchdeck/photo_2025-02-11_06-57-10.jpg HTTP/1.1" 200 -
::1 - - [29/Jan/2026 19:26:57] "GET /finchdeck/photo_2023-12-25_06-11-46.jpg HTTP/1.1" 200 -
::1 - - [29/Jan/2026 19:26:57] code 404, message File not found
::1 - - [29/Jan/2026 19:26:57] "GET /favicon.ico HTTP/1.1" 404 -
::1 - - [29/Jan/2026 19:29:02] "GET / HTTP/1.1" 200 -
::1 - - [29/Jan/2026 19:29:02] "GET /finchdeck/styles.css HTTP/1.1" 200 -
::1 - - [29/Jan/2026 19:29:02] "GET /finchdeck/js/main.js HTTP/1.1" 200 -
::1 - - [29/Jan/2026 19:29:02] "GET /finchdeck/js/data/analysisData.js HTTP/1.1" 200 -
::1 - - [29/Jan/2026 19:29:02] "GET /finchdeck/js/core/dom.js HTTP/1.1" 200 -
::1 - - [29/Jan/2026 19:29:02] "GET /finchdeck/js/components/Header.js HTTP/1.1" 200 -
::1 - - [29/Jan/2026 19:29:02] "GET /finchdeck/js/sections/Hero.js HTTP/1.1" 200 -
::1 - - [29/Jan/2026 19:29:02] "GET /finchdeck/js/components/SectionWrapper.js HTTP/1.1" 200 -
::1 - - [29/Jan/2026 19:29:02] "GET /finchdeck/js/sections/WhyNow.js HTTP/1.1" 200 -
::1 - - [29/Jan/2026 19:29:02] "GET /finchdeck/js/sections/Solution.js HTTP/1.1" 200 -
::1 - - [29/Jan/2026 19:29:02] "GET /finchdeck/js/sections/Trust.js HTTP/1.1" 200 -
::1 - - [29/Jan/2026 19:29:02] "GET /finchdeck/js/sections/Problem.js HTTP/1.1" 200 -
::1 - - [29/Jan/2026 19:29:02] "GET /finchdeck/js/sections/SolutionIntro.js HTTP/1.1" 200 -
::1 - - [29/Jan/2026 19:29:02] "GET /finchdeck/js/sections/DecisionGuide.js HTTP/1.1" 200 -
::1 - - [29/Jan/2026 19:29:02] "GET /finchdeck/js/sections/CurrentStatus.js HTTP/1.1" 200 -
::1 - - [29/Jan/2026 19:29:02] "GET /finchdeck/js/sections/Competition.js HTTP/1.1" 200 -
::1 - - [29/Jan/2026 19:29:02] "GET /finchdeck/js/sections/MarketOpportunity.js HTTP/1.1" 200 -
::1 - - [29/Jan/2026 19:29:02] "GET /finchdeck/js/sections/GTMStrategy.js HTTP/1.1" 200 -
::1 - - [29/Jan/2026 19:29:02] "GET /finchdeck/js/sections/BusinessModel.js HTTP/1.1" 200 -
::1 - - [29/Jan/2026 19:29:02] "GET /finchdeck/js/sections/Team.js HTTP/1.1" 200 -
::1 - - [29/Jan/2026 19:29:02] "GET /finchdeck/js/sections/PreSeed.js HTTP/1.1" 200 -
::1 - - [29/Jan/2026 19:29:02] "GET /finchdeck/js/sections/Contact.js HTTP/1.1" 200 -
::1 - - [29/Jan/2026 19:29:02] "GET /finchdeck/photo_2026-01-28_10-15-44.jpg HTTP/1.1" 200 -
::1 - - [29/Jan/2026 19:29:02] "GET /finchdeck/photo_2023-12-25_06-11-46.jpg HTTP/1.1" 200 -
::1 - - [29/Jan/2026 19:29:02] "GET /finchdeck/photo_2025-02-11_06-57-10.jpg HTTP/1.1" 200 -
::1 - - [29/Jan/2026 19:29:02] code 404, message File not found
::1 - - [29/Jan/2026 19:29:02] "GET /favicon.ico HTTP/1.1" 404 -
